<?xml version="1.0" encoding="UTF-8"?>
<!-- Generated by org.testng.reporters.JUnitXMLReporter -->
<testsuite ignored="0" hostname="DESKTOP-48F40HU" failures="0" tests="2" name="Default test" time="0.046" errors="0" timestamp="2022-02-15T12:49:23 IST">
  <testcase classname="interviewJavaPrograms.OrderOfTestNGannotations" name="simpleGroupTest" time="0.004"/>
  <testcase classname="interviewJavaPrograms.OrderOfTestNGannotations" name="simpleTestA" time="0.003"/>
</testsuite> <!-- Default test -->
