<?xml version="1.0" encoding="UTF-8"?>
<!-- Generated by org.testng.reporters.JUnitXMLReporter -->
<testsuite ignored="1" hostname="DESKTOP-48F40HU" failures="0" tests="1" name="Test" time="0.029" errors="0" timestamp="2021-08-31T13:32:29 IST">
  <testcase classname="interviewJavaPrograms.OrderOfTestNGannotations" name="simpleTestA" time="0.005"/>
  <testcase classname="interviewJavaPrograms.OrderOfTestNGannotations" name="simpleGroupTest" time="0.0">
    <ignored/>
  </testcase> <!-- simpleGroupTest -->
</testsuite> <!-- Test -->
