<?xml version="1.0" encoding="UTF-8"?>
<testng-results ignored="0" total="2" passed="2" failed="0" skipped="0">
  <reporter-output>
  </reporter-output>
  <suite started-at="2022-02-15T12:49:22 IST" name="Default suite" finished-at="2022-02-15T12:49:22 IST" duration-ms="46">
    <groups>
      <group name="sanity">
        <method signature="OrderOfTestNGannotations.simpleGroupTest()[pri:0, instance:interviewJavaPrograms.OrderOfTestNGannotations@54e1c68b]" name="simpleGroupTest" class="interviewJavaPrograms.OrderOfTestNGannotations"/>
      </group> <!-- sanity -->
    </groups>
    <test started-at="2022-02-15T12:49:22 IST" name="Default test" finished-at="2022-02-15T12:49:22 IST" duration-ms="46">
      <class name="interviewJavaPrograms.OrderOfTestNGannotations">
        <test-method is-config="true" signature="beforeSuite()[pri:0, instance:interviewJavaPrograms.OrderOfTestNGannotations@54e1c68b]" started-at="2022-02-15T12:49:22 IST" name="beforeSuite" finished-at="2022-02-15T12:49:22 IST" duration-ms="10" status="PASS">
          <reporter-output>
          </reporter-output>
        </test-method> <!-- beforeSuite -->
        <test-method is-config="true" signature="beforeTest()[pri:0, instance:interviewJavaPrograms.OrderOfTestNGannotations@54e1c68b]" started-at="2022-02-15T12:49:22 IST" name="beforeTest" finished-at="2022-02-15T12:49:22 IST" duration-ms="1" status="PASS">
          <reporter-output>
          </reporter-output>
        </test-method> <!-- beforeTest -->
        <test-method is-config="true" signature="beforeClass()[pri:0, instance:interviewJavaPrograms.OrderOfTestNGannotations@54e1c68b]" started-at="2022-02-15T12:49:22 IST" name="beforeClass" finished-at="2022-02-15T12:49:22 IST" duration-ms="1" status="PASS">
          <reporter-output>
          </reporter-output>
        </test-method> <!-- beforeClass -->
        <test-method is-config="true" signature="beforeMethod()[pri:0, instance:interviewJavaPrograms.OrderOfTestNGannotations@54e1c68b]" started-at="2022-02-15T12:49:22 IST" name="beforeMethod" finished-at="2022-02-15T12:49:22 IST" duration-ms="1" status="PASS">
          <reporter-output>
          </reporter-output>
        </test-method> <!-- beforeMethod -->
        <test-method signature="simpleGroupTest()[pri:0, instance:interviewJavaPrograms.OrderOfTestNGannotations@54e1c68b]" started-at="2022-02-15T12:49:22 IST" name="simpleGroupTest" finished-at="2022-02-15T12:49:22 IST" duration-ms="4" status="PASS">
          <reporter-output>
          </reporter-output>
        </test-method> <!-- simpleGroupTest -->
        <test-method is-config="true" signature="afterMethod()[pri:0, instance:interviewJavaPrograms.OrderOfTestNGannotations@54e1c68b]" started-at="2022-02-15T12:49:22 IST" name="afterMethod" finished-at="2022-02-15T12:49:22 IST" duration-ms="0" status="PASS">
          <reporter-output>
          </reporter-output>
        </test-method> <!-- afterMethod -->
        <test-method is-config="true" signature="beforeMethod()[pri:0, instance:interviewJavaPrograms.OrderOfTestNGannotations@54e1c68b]" started-at="2022-02-15T12:49:22 IST" name="beforeMethod" finished-at="2022-02-15T12:49:22 IST" duration-ms="0" status="PASS">
          <reporter-output>
          </reporter-output>
        </test-method> <!-- beforeMethod -->
        <test-method signature="simpleTestA()[pri:0, instance:interviewJavaPrograms.OrderOfTestNGannotations@54e1c68b]" started-at="2022-02-15T12:49:22 IST" name="simpleTestA" finished-at="2022-02-15T12:49:22 IST" duration-ms="3" status="PASS">
          <reporter-output>
          </reporter-output>
        </test-method> <!-- simpleTestA -->
        <test-method is-config="true" signature="afterMethod()[pri:0, instance:interviewJavaPrograms.OrderOfTestNGannotations@54e1c68b]" started-at="2022-02-15T12:49:22 IST" name="afterMethod" finished-at="2022-02-15T12:49:22 IST" duration-ms="1" status="PASS">
          <reporter-output>
          </reporter-output>
        </test-method> <!-- afterMethod -->
        <test-method is-config="true" signature="afterClass()[pri:0, instance:interviewJavaPrograms.OrderOfTestNGannotations@54e1c68b]" started-at="2022-02-15T12:49:22 IST" name="afterClass" finished-at="2022-02-15T12:49:22 IST" duration-ms="1" status="PASS">
          <reporter-output>
          </reporter-output>
        </test-method> <!-- afterClass -->
        <test-method is-config="true" signature="afterTest()[pri:0, instance:interviewJavaPrograms.OrderOfTestNGannotations@54e1c68b]" started-at="2022-02-15T12:49:22 IST" name="afterTest" finished-at="2022-02-15T12:49:22 IST" duration-ms="1" status="PASS">
          <reporter-output>
          </reporter-output>
        </test-method> <!-- afterTest -->
        <test-method is-config="true" signature="afterSuite()[pri:0, instance:interviewJavaPrograms.OrderOfTestNGannotations@54e1c68b]" started-at="2022-02-15T12:49:23 IST" name="afterSuite" finished-at="2022-02-15T12:49:23 IST" duration-ms="0" status="PASS">
          <reporter-output>
          </reporter-output>
        </test-method> <!-- afterSuite -->
      </class> <!-- interviewJavaPrograms.OrderOfTestNGannotations -->
    </test> <!-- Default test -->
  </suite> <!-- Default suite -->
</testng-results>
